0 info it worked if it ends with ok
1 verbose cli [ '/usr/bin/nodejs', '/usr/bin/npm', 'run', 'build' ]
2 info using npm@1.3.10
3 info using node@v0.10.25
4 error Error: Invalid name: "@woocommerce/admin-library"
4 error     at ensureValidName (/usr/lib/nodejs/normalize-package-data/lib/fixer.js:284:15)
4 error     at Object.module.exports.fixNameField (/usr/lib/nodejs/normalize-package-data/lib/fixer.js:199:5)
4 error     at /usr/lib/nodejs/normalize-package-data/lib/normalize.js:29:38
4 error     at Array.forEach (native)
4 error     at normalize (/usr/lib/nodejs/normalize-package-data/lib/normalize.js:28:15)
4 error     at final (/usr/lib/nodejs/read-package-json/read-json.js:310:33)
4 error     at then (/usr/lib/nodejs/read-package-json/read-json.js:124:33)
4 error     at /usr/lib/nodejs/read-package-json/read-json.js:299:40
4 error     at fs.js:268:14
4 error     at /usr/lib/nodejs/graceful-fs/graceful-fs.js:103:5
5 error If you need help, you may report this log at:
5 error     <http://github.com/isaacs/npm/issues>
5 error or email it to:
5 error     <npm-@googlegroups.com>
6 error System Linux 3.16.0-38-generic
7 error command "/usr/bin/nodejs" "/usr/bin/npm" "run" "build"
8 error cwd /opt/xampp/7.1/htdocs/wordpress/wp2/wp-content/plugins/woocommerce-admin
9 error node -v v0.10.25
10 error npm -v 1.3.10
11 verbose exit [ 1, true ]
